[     144ms] [ERROR] Failed to load resource: the server responded with a status of 500 () @ https://dev.habita.rent/profile:0
[     254ms] [ERROR] Failed to load resource: the server responded with a status of 403 () @ https://dev.habita.rent/config/node_modules/.pnpm/@sveltejs+kit@2.52.0_@opentelemetry+api@1.9.0_@sveltejs+vite-plugin-svelte@6.2.4_svelte_fd2a435c653b41c234c6f166869e6d41/node_modules/@sveltejs/kit/src/runtime/client/entry.js:0
[     257ms] Failed to fetch dynamically imported module: https://dev.habita.rent/config/node_modules/.pnpm/@sveltejs+kit@2.52.0_@opentelemetry+api@1.9.0_@sveltejs+vite-plugin-svelte@6.2.4_svelte_fd2a435c653b41c234c6f166869e6d41/node_modules/@sveltejs/kit/src/runtime/client/entry.js
[     394ms] [ERROR] Failed to load resource: the server responded with a status of 403 () @ https://dev.habita.rent/config/node_modules/.pnpm/@sveltejs+kit@2.52.0_@opentelemetry+api@1.9.0_@sveltejs+vite-plugin-svelte@6.2.4_svelte_fd2a435c653b41c234c6f166869e6d41/node_modules/@sveltejs/kit/src/runtime/app/environment/index.js?v=b3b2582e:0
[   88497ms] [ERROR] Failed to load resource: the server responded with a status of 500 () @ https://dev.habita.rent/profile:0
[   88601ms] [ERROR] Failed to load resource: the server responded with a status of 403 () @ https://dev.habita.rent/config/node_modules/.pnpm/@sveltejs+kit@2.52.0_@opentelemetry+api@1.9.0_@sveltejs+vite-plugin-svelte@6.2.4_svelte_fd2a435c653b41c234c6f166869e6d41/node_modules/@sveltejs/kit/src/runtime/client/entry.js:0
[   88602ms] Failed to fetch dynamically imported module: https://dev.habita.rent/config/node_modules/.pnpm/@sveltejs+kit@2.52.0_@opentelemetry+api@1.9.0_@sveltejs+vite-plugin-svelte@6.2.4_svelte_fd2a435c653b41c234c6f166869e6d41/node_modules/@sveltejs/kit/src/runtime/client/entry.js
[   88725ms] [ERROR] Failed to load resource: the server responded with a status of 403 () @ https://dev.habita.rent/config/node_modules/.pnpm/@sveltejs+kit@2.52.0_@opentelemetry+api@1.9.0_@sveltejs+vite-plugin-svelte@6.2.4_svelte_fd2a435c653b41c234c6f166869e6d41/node_modules/@sveltejs/kit/src/runtime/app/environment/index.js?v=b3b2582e:0
[   89142ms] [ERROR] Failed to load resource: the server responded with a status of 500 () @ https://dev.habita.rent/profile:0
[   89271ms] [ERROR] Failed to load resource: the server responded with a status of 403 () @ https://dev.habita.rent/config/node_modules/.pnpm/@sveltejs+kit@2.52.0_@opentelemetry+api@1.9.0_@sveltejs+vite-plugin-svelte@6.2.4_svelte_fd2a435c653b41c234c6f166869e6d41/node_modules/@sveltejs/kit/src/runtime/client/entry.js:0
[   89273ms] Failed to fetch dynamically imported module: https://dev.habita.rent/config/node_modules/.pnpm/@sveltejs+kit@2.52.0_@opentelemetry+api@1.9.0_@sveltejs+vite-plugin-svelte@6.2.4_svelte_fd2a435c653b41c234c6f166869e6d41/node_modules/@sveltejs/kit/src/runtime/client/entry.js
[   89450ms] [ERROR] Failed to load resource: the server responded with a status of 403 () @ https://dev.habita.rent/config/node_modules/.pnpm/@sveltejs+kit@2.52.0_@opentelemetry+api@1.9.0_@sveltejs+vite-plugin-svelte@6.2.4_svelte_fd2a435c653b41c234c6f166869e6d41/node_modules/@sveltejs/kit/src/runtime/app/environment/index.js?v=b3b2582e:0
[   89539ms] [ERROR] Failed to load resource: the server responded with a status of 500 () @ https://dev.habita.rent/profile:0
[   89647ms] [ERROR] Failed to load resource: the server responded with a status of 403 () @ https://dev.habita.rent/config/node_modules/.pnpm/@sveltejs+kit@2.52.0_@opentelemetry+api@1.9.0_@sveltejs+vite-plugin-svelte@6.2.4_svelte_fd2a435c653b41c234c6f166869e6d41/node_modules/@sveltejs/kit/src/runtime/client/entry.js:0
[   89648ms] Failed to fetch dynamically imported module: https://dev.habita.rent/config/node_modules/.pnpm/@sveltejs+kit@2.52.0_@opentelemetry+api@1.9.0_@sveltejs+vite-plugin-svelte@6.2.4_svelte_fd2a435c653b41c234c6f166869e6d41/node_modules/@sveltejs/kit/src/runtime/client/entry.js
[   89742ms] [ERROR] Failed to load resource: the server responded with a status of 403 () @ https://dev.habita.rent/config/node_modules/.pnpm/@sveltejs+kit@2.52.0_@opentelemetry+api@1.9.0_@sveltejs+vite-plugin-svelte@6.2.4_svelte_fd2a435c653b41c234c6f166869e6d41/node_modules/@sveltejs/kit/src/runtime/app/environment/index.js?v=b3b2582e:0
[  141658ms] [ERROR] Failed to load resource: the server responded with a status of 500 () @ https://dev.habita.rent/profile:0
[  141755ms] [ERROR] Failed to load resource: the server responded with a status of 403 () @ https://dev.habita.rent/config/node_modules/.pnpm/@sveltejs+kit@2.52.0_@opentelemetry+api@1.9.0_@sveltejs+vite-plugin-svelte@6.2.4_svelte_fd2a435c653b41c234c6f166869e6d41/node_modules/@sveltejs/kit/src/runtime/client/entry.js:0
[  141757ms] Failed to fetch dynamically imported module: https://dev.habita.rent/config/node_modules/.pnpm/@sveltejs+kit@2.52.0_@opentelemetry+api@1.9.0_@sveltejs+vite-plugin-svelte@6.2.4_svelte_fd2a435c653b41c234c6f166869e6d41/node_modules/@sveltejs/kit/src/runtime/client/entry.js
[  141853ms] [ERROR] Failed to load resource: the server responded with a status of 403 () @ https://dev.habita.rent/config/node_modules/.pnpm/@sveltejs+kit@2.52.0_@opentelemetry+api@1.9.0_@sveltejs+vite-plugin-svelte@6.2.4_svelte_fd2a435c653b41c234c6f166869e6d41/node_modules/@sveltejs/kit/src/runtime/app/environment/index.js?v=b3b2582e:0
[  142193ms] [ERROR] Failed to load resource: the server responded with a status of 500 () @ https://dev.habita.rent/profile:0
[  142279ms] [ERROR] Failed to load resource: the server responded with a status of 403 () @ https://dev.habita.rent/config/node_modules/.pnpm/@sveltejs+kit@2.52.0_@opentelemetry+api@1.9.0_@sveltejs+vite-plugin-svelte@6.2.4_svelte_fd2a435c653b41c234c6f166869e6d41/node_modules/@sveltejs/kit/src/runtime/client/entry.js:0
[  142280ms] Failed to fetch dynamically imported module: https://dev.habita.rent/config/node_modules/.pnpm/@sveltejs+kit@2.52.0_@opentelemetry+api@1.9.0_@sveltejs+vite-plugin-svelte@6.2.4_svelte_fd2a435c653b41c234c6f166869e6d41/node_modules/@sveltejs/kit/src/runtime/client/entry.js
[  142411ms] [ERROR] Failed to load resource: the server responded with a status of 500 () @ https://dev.habita.rent/profile:0
[  142592ms] [ERROR] Failed to load resource: the server responded with a status of 403 () @ https://dev.habita.rent/config/node_modules/.pnpm/@sveltejs+kit@2.52.0_@opentelemetry+api@1.9.0_@sveltejs+vite-plugin-svelte@6.2.4_svelte_fd2a435c653b41c234c6f166869e6d41/node_modules/@sveltejs/kit/src/runtime/client/entry.js:0
[  142599ms] Failed to fetch dynamically imported module: https://dev.habita.rent/config/node_modules/.pnpm/@sveltejs+kit@2.52.0_@opentelemetry+api@1.9.0_@sveltejs+vite-plugin-svelte@6.2.4_svelte_fd2a435c653b41c234c6f166869e6d41/node_modules/@sveltejs/kit/src/runtime/client/entry.js
[  142895ms] [ERROR] Failed to load resource: the server responded with a status of 403 () @ https://dev.habita.rent/config/node_modules/.pnpm/@sveltejs+kit@2.52.0_@opentelemetry+api@1.9.0_@sveltejs+vite-plugin-svelte@6.2.4_svelte_fd2a435c653b41c234c6f166869e6d41/node_modules/@sveltejs/kit/src/runtime/app/environment/index.js?v=b3b2582e:0
[  143076ms] [ERROR] Failed to load resource: the server responded with a status of 500 () @ https://dev.habita.rent/profile:0
[  143212ms] [ERROR] Failed to load resource: the server responded with a status of 403 () @ https://dev.habita.rent/config/node_modules/.pnpm/@sveltejs+kit@2.52.0_@opentelemetry+api@1.9.0_@sveltejs+vite-plugin-svelte@6.2.4_svelte_fd2a435c653b41c234c6f166869e6d41/node_modules/@sveltejs/kit/src/runtime/client/entry.js:0
[  143218ms] Failed to fetch dynamically imported module: https://dev.habita.rent/config/node_modules/.pnpm/@sveltejs+kit@2.52.0_@opentelemetry+api@1.9.0_@sveltejs+vite-plugin-svelte@6.2.4_svelte_fd2a435c653b41c234c6f166869e6d41/node_modules/@sveltejs/kit/src/runtime/client/entry.js
[  143323ms] [ERROR] Failed to load resource: the server responded with a status of 403 () @ https://dev.habita.rent/config/node_modules/.pnpm/@sveltejs+kit@2.52.0_@opentelemetry+api@1.9.0_@sveltejs+vite-plugin-svelte@6.2.4_svelte_fd2a435c653b41c234c6f166869e6d41/node_modules/@sveltejs/kit/src/runtime/app/environment/index.js?v=b3b2582e:0
[  143722ms] [ERROR] Failed to load resource: the server responded with a status of 500 () @ https://dev.habita.rent/profile:0
[  143817ms] [ERROR] Failed to load resource: the server responded with a status of 403 () @ https://dev.habita.rent/config/node_modules/.pnpm/@sveltejs+kit@2.52.0_@opentelemetry+api@1.9.0_@sveltejs+vite-plugin-svelte@6.2.4_svelte_fd2a435c653b41c234c6f166869e6d41/node_modules/@sveltejs/kit/src/runtime/client/entry.js:0
[  143819ms] Failed to fetch dynamically imported module: https://dev.habita.rent/config/node_modules/.pnpm/@sveltejs+kit@2.52.0_@opentelemetry+api@1.9.0_@sveltejs+vite-plugin-svelte@6.2.4_svelte_fd2a435c653b41c234c6f166869e6d41/node_modules/@sveltejs/kit/src/runtime/client/entry.js
[  143913ms] [ERROR] Failed to load resource: the server responded with a status of 403 () @ https://dev.habita.rent/config/node_modules/.pnpm/@sveltejs+kit@2.52.0_@opentelemetry+api@1.9.0_@sveltejs+vite-plugin-svelte@6.2.4_svelte_fd2a435c653b41c234c6f166869e6d41/node_modules/@sveltejs/kit/src/runtime/app/environment/index.js?v=b3b2582e:0
[  144215ms] [ERROR] Failed to load resource: the server responded with a status of 500 () @ https://dev.habita.rent/profile:0
[  144328ms] [ERROR] Failed to load resource: the server responded with a status of 403 () @ https://dev.habita.rent/config/node_modules/.pnpm/@sveltejs+kit@2.52.0_@opentelemetry+api@1.9.0_@sveltejs+vite-plugin-svelte@6.2.4_svelte_fd2a435c653b41c234c6f166869e6d41/node_modules/@sveltejs/kit/src/runtime/client/entry.js:0
[  144328ms] Failed to fetch dynamically imported module: https://dev.habita.rent/config/node_modules/.pnpm/@sveltejs+kit@2.52.0_@opentelemetry+api@1.9.0_@sveltejs+vite-plugin-svelte@6.2.4_svelte_fd2a435c653b41c234c6f166869e6d41/node_modules/@sveltejs/kit/src/runtime/client/entry.js
[  144542ms] [ERROR] Failed to load resource: the server responded with a status of 403 () @ https://dev.habita.rent/config/node_modules/.pnpm/@sveltejs+kit@2.52.0_@opentelemetry+api@1.9.0_@sveltejs+vite-plugin-svelte@6.2.4_svelte_fd2a435c653b41c234c6f166869e6d41/node_modules/@sveltejs/kit/src/runtime/app/environment/index.js?v=b3b2582e:0
[  144626ms] [ERROR] Failed to load resource: the server responded with a status of 500 () @ https://dev.habita.rent/profile:0
[  144736ms] [ERROR] Failed to load resource: the server responded with a status of 403 () @ https://dev.habita.rent/config/node_modules/.pnpm/@sveltejs+kit@2.52.0_@opentelemetry+api@1.9.0_@sveltejs+vite-plugin-svelte@6.2.4_svelte_fd2a435c653b41c234c6f166869e6d41/node_modules/@sveltejs/kit/src/runtime/client/entry.js:0
[  144737ms] Failed to fetch dynamically imported module: https://dev.habita.rent/config/node_modules/.pnpm/@sveltejs+kit@2.52.0_@opentelemetry+api@1.9.0_@sveltejs+vite-plugin-svelte@6.2.4_svelte_fd2a435c653b41c234c6f166869e6d41/node_modules/@sveltejs/kit/src/runtime/client/entry.js
[  144839ms] [ERROR] Failed to load resource: the server responded with a status of 500 () @ https://dev.habita.rent/profile:0
[  145016ms] [ERROR] Failed to load resource: the server responded with a status of 403 () @ https://dev.habita.rent/config/node_modules/.pnpm/@sveltejs+kit@2.52.0_@opentelemetry+api@1.9.0_@sveltejs+vite-plugin-svelte@6.2.4_svelte_fd2a435c653b41c234c6f166869e6d41/node_modules/@sveltejs/kit/src/runtime/client/entry.js:0
[  145019ms] Failed to fetch dynamically imported module: https://dev.habita.rent/config/node_modules/.pnpm/@sveltejs+kit@2.52.0_@opentelemetry+api@1.9.0_@sveltejs+vite-plugin-svelte@6.2.4_svelte_fd2a435c653b41c234c6f166869e6d41/node_modules/@sveltejs/kit/src/runtime/client/entry.js
[  145115ms] [ERROR] Failed to load resource: the server responded with a status of 403 () @ https://dev.habita.rent/config/node_modules/.pnpm/@sveltejs+kit@2.52.0_@opentelemetry+api@1.9.0_@sveltejs+vite-plugin-svelte@6.2.4_svelte_fd2a435c653b41c234c6f166869e6d41/node_modules/@sveltejs/kit/src/runtime/app/environment/index.js?v=b3b2582e:0
[  145204ms] [ERROR] Failed to load resource: the server responded with a status of 500 () @ https://dev.habita.rent/profile:0
[  145330ms] [ERROR] Failed to load resource: the server responded with a status of 403 () @ https://dev.habita.rent/config/node_modules/.pnpm/@sveltejs+kit@2.52.0_@opentelemetry+api@1.9.0_@sveltejs+vite-plugin-svelte@6.2.4_svelte_fd2a435c653b41c234c6f166869e6d41/node_modules/@sveltejs/kit/src/runtime/client/entry.js:0
[  145330ms] Failed to fetch dynamically imported module: https://dev.habita.rent/config/node_modules/.pnpm/@sveltejs+kit@2.52.0_@opentelemetry+api@1.9.0_@sveltejs+vite-plugin-svelte@6.2.4_svelte_fd2a435c653b41c234c6f166869e6d41/node_modules/@sveltejs/kit/src/runtime/client/entry.js
[  145461ms] [ERROR] Failed to load resource: the server responded with a status of 403 () @ https://dev.habita.rent/config/node_modules/.pnpm/@sveltejs+kit@2.52.0_@opentelemetry+api@1.9.0_@sveltejs+vite-plugin-svelte@6.2.4_svelte_fd2a435c653b41c234c6f166869e6d41/node_modules/@sveltejs/kit/src/runtime/app/environment/index.js?v=b3b2582e:0
[  159773ms] [ERROR] Failed to load resource: the server responded with a status of 500 () @ https://dev.habita.rent/profile:0
[  159879ms] [ERROR] Failed to load resource: the server responded with a status of 403 () @ https://dev.habita.rent/config/node_modules/.pnpm/@sveltejs+kit@2.52.0_@opentelemetry+api@1.9.0_@sveltejs+vite-plugin-svelte@6.2.4_svelte_fd2a435c653b41c234c6f166869e6d41/node_modules/@sveltejs/kit/src/runtime/client/entry.js:0
[  159880ms] Failed to fetch dynamically imported module: https://dev.habita.rent/config/node_modules/.pnpm/@sveltejs+kit@2.52.0_@opentelemetry+api@1.9.0_@sveltejs+vite-plugin-svelte@6.2.4_svelte_fd2a435c653b41c234c6f166869e6d41/node_modules/@sveltejs/kit/src/runtime/client/entry.js
[  159977ms] [ERROR] Failed to load resource: the server responded with a status of 403 () @ https://dev.habita.rent/config/node_modules/.pnpm/@sveltejs+kit@2.52.0_@opentelemetry+api@1.9.0_@sveltejs+vite-plugin-svelte@6.2.4_svelte_fd2a435c653b41c234c6f166869e6d41/node_modules/@sveltejs/kit/src/runtime/app/environment/index.js?v=b3b2582e:0
[  162909ms] [ERROR] Failed to load resource: the server responded with a status of 500 () @ https://dev.habita.rent/profile:0
[  163007ms] [ERROR] Failed to load resource: the server responded with a status of 403 () @ https://dev.habita.rent/config/node_modules/.pnpm/@sveltejs+kit@2.52.0_@opentelemetry+api@1.9.0_@sveltejs+vite-plugin-svelte@6.2.4_svelte_fd2a435c653b41c234c6f166869e6d41/node_modules/@sveltejs/kit/src/runtime/client/entry.js:0
[  163007ms] Failed to fetch dynamically imported module: https://dev.habita.rent/config/node_modules/.pnpm/@sveltejs+kit@2.52.0_@opentelemetry+api@1.9.0_@sveltejs+vite-plugin-svelte@6.2.4_svelte_fd2a435c653b41c234c6f166869e6d41/node_modules/@sveltejs/kit/src/runtime/client/entry.js
[  163104ms] [ERROR] Failed to load resource: the server responded with a status of 403 () @ https://dev.habita.rent/config/node_modules/.pnpm/@sveltejs+kit@2.52.0_@opentelemetry+api@1.9.0_@sveltejs+vite-plugin-svelte@6.2.4_svelte_fd2a435c653b41c234c6f166869e6d41/node_modules/@sveltejs/kit/src/runtime/app/environment/index.js?v=b3b2582e:0
